
svl clean info: [persistent] cache.bcg

svl clean info: [temporary] svl001_composition_1.exp

% 2>>"demo.log" rm -f "svl001_composition_1.exp" ; touch "svl001_composition_1.exp"
command exit with status 0

svl clean info: [temporary] svl003_reduced_AGENT.bcg

svl clean info: [temporary] svl002_AGENT.bcg

"svl002_AGENT.bcg" = generation of "cache.lnt":"AGENT [ACTION_EVENT, GET_LINE_STATUS, PUT_LINE_STATUS] (PROCESSOR_1)"

svl clean info: [temporary] generator

svl clean info: [temporary] generator.o

svl clean info: [temporary] cache.o

svl clean info: [temporary] cache.err

% lnt.open  -root 'AGENT [ACTION_EVENT, GET_LINE_STATUS, PUT_LINE_STATUS] (PROCESSOR_1)' "cache.lnt"  generator  "svl002_AGENT.bcg"

lnt.open: translating ``cache.lnt'' to ``/tmp/sterling_lnt.open_L0qRIO/cache.lotos'' ...

        if ISLOCAL (LINE,PROCESSOR_ID) then
        ^
[/tmp/sterling_lnt.open_L0qRIO/cache:154] warning: ``IF'' is replaced by ``{''

        if ISLOCAL (LINE,PROCESSOR_ID) then
				       ^
[/tmp/sterling_lnt.open_L0qRIO/cache:154] warning: ``THEN'' is replaced by ``OF''

                 READ ->  case STATUS in
		      ^
[/tmp/sterling_lnt.open_L0qRIO/cache:155] warning: ``}'' is inserted before ``->''

                    else
		    ^
[/tmp/sterling_lnt.open_L0qRIO/cache:163] warning: ``ELSE'' is replaced by ``;''

                    end if 
		        ^
[/tmp/sterling_lnt.open_L0qRIO/cache:165] warning: ``CASE ;'' is inserted before ``IF''

                    if ISLOCAL (LINE,AGENT) then
		    ^
[/tmp/sterling_lnt.open_L0qRIO/cache:166] warning: ``IF'' is replaced by ``{''

                    if ISLOCAL (LINE,AGENT) then
					    ^
[/tmp/sterling_lnt.open_L0qRIO/cache:166] warning: ``}'' is inserted before ``THEN''

                | WRITE -> 	case STATUS in
	        ^
[/tmp/sterling_lnt.open_L0qRIO/cache:167] warning: ``|'' is replaced by ``ASSERT''

                | WRITE -> 	case STATUS in
		        ^
[/tmp/sterling_lnt.open_L0qRIO/cache:167] warning: ``->'' is replaced by ``;''

                | FETCH -> PUT_LINE_STATUS(LINE, SHARED, PROCESSOR_ID)
	        ^
[/tmp/sterling_lnt.open_L0qRIO/cache:176] warning: ``|'' is replaced by ``;''

                | FETCH -> PUT_LINE_STATUS(LINE, SHARED, PROCESSOR_ID)
		        ^
[/tmp/sterling_lnt.open_L0qRIO/cache:176] warning: ``->'' is replaced by ``:=''

                | INVALIDATE -> PUT_LINE_STATUS(LINE, INVALID, PROCESSOR_ID)
	        ^
[/tmp/sterling_lnt.open_L0qRIO/cache:177] warning: ``|'' is replaced by ``[''

                | INVALIDATE -> PUT_LINE_STATUS(LINE, INVALID, PROCESSOR_ID)
			     ^
[/tmp/sterling_lnt.open_L0qRIO/cache:177] warning: ``->'' is replaced by ``(''

         end case
	 ^
[/tmp/sterling_lnt.open_L0qRIO/cache:179] warning: ``) ]'' is inserted before ``END''

         end case
	     ^
[/tmp/sterling_lnt.open_L0qRIO/cache:179] warning: ``CASE'' is replaced by ``LOOP''

      end loop
	  ^
[/tmp/sterling_lnt.open_L0qRIO/cache:181] warning: ``LOOP'' is replaced by ``VAR''

   end var
       ^
[/tmp/sterling_lnt.open_L0qRIO/cache:182] warning: ``VAR'' is replaced by ``PROCESS''

end process
    ^
[argument of ``-root'' option] warning: ``MODULE'' is inserted before ``PROCESS''

end process
    ^
[argument of ``-root'' option] error: global recovery

end module
^
[argument of ``-root'' option] warning: parsing resumes on ``END''
lnt2lotos: LNT program is syntactically incorrect
lnt2lotos: quit
command exit with status 1

svl: ERROR command failed
