
property PROPERTY_1
 | check that the new transitions to invalid state take effect

svl clean info: [temporary] svl000_display.txt

svl clean info: [temporary] svl001_formula_inline

svl clean info: [persistent] Diag_v3.bcg

svl clean info: [temporary] svl001_formula_inline.mcl

"svl001_formula_inline.mcl" =
    library standard.mcl end_library
    [true* . 'PUT_LINE_STATUS !L1 !INVALID !PROCESSOR_1']
    inevitable ("GET_LINE_STATUS !L1 !INVALID !PROCESSOR_1")

"Diag_v3.bcg" = verify "svl001_formula_inline.mcl" in "cache.bcg"

svl clean info: [temporary] svl000_output.bcg

svl clean info: [temporary] evaluator

svl clean info: [temporary] evaluator.o

% bcg_open   "cache.bcg"  evaluator -source "verify_new_transitions.svl:7" -dfs -diag "svl000_output.bcg"  "svl001_formula_inline.mcl"

svl clean info: [temporary] svl000_stdout
bcg_open: using ``/home/sterling/cadp/bin.x64/evaluator.a''
bcg_open: running ``evaluator -source verify_new_transitions.svl:7 -dfs -diag svl000_output.bcg svl001_formula_inline.mcl'' for ``./cache.bcg''

FALSE
(consult diagnostic in file ``svl000_output.bcg'')
command exit with status 0

% bcg_io   "svl000_output.bcg"   "Diag_v3.bcg"
command exit with status 0

svl clean info: [temporary] svl002_formula_inline

svl clean info: [persistent] Diag_v4.bcg

svl clean info: [temporary] svl002_formula_inline.mcl

svl clean info: [temporary] svl002_formula_inline.xm

"svl002_formula_inline.mcl" =
    library standard.mcl end_library
    [true* . "PUT_LINE_STATUS !L1 !INVALID !PROCESSOR_1"]
    inevitable ("GET_LINE_STATUS !L1 !INVALID !PROCESSOR_1")

"Diag_v4.bcg" = verify "svl002_formula_inline.mcl" in "cache.bcg"

svl clean info: [temporary] svl000_output.bcg

svl clean info: [temporary] evaluator4

svl clean info: [temporary] evaluator4.o

% bcg_open   "cache.bcg"  evaluator4 -source "verify_new_transitions.svl:12" -dfs -diag "svl000_output.bcg"  "svl002_formula_inline.mcl"

svl clean info: [temporary] svl000_stdout
bcg_open: using ``/home/sterling/cadp/bin.x64/evaluator4.a''
bcg_open: running ``evaluator4 -source verify_new_transitions.svl:12 -dfs -diag svl000_output.bcg svl002_formula_inline.mcl'' for ``./cache.bcg''

FALSE
(consult diagnostic in file ``svl000_output.bcg'')
command exit with status 0

% bcg_io   "svl000_output.bcg"   "Diag_v4.bcg"
command exit with status 0

PASS (2/2)

