
svl clean info: [persistent] cache.bcg

svl clean info: [temporary] svl001_composition_1.exp

% 2>>"dircoh.log" rm -f "svl001_composition_1.exp" ; touch "svl001_composition_1.exp"
command exit with status 0

svl clean info: [temporary] svl003_reduced_PCACHE.bcg

svl clean info: [temporary] svl002_PCACHE.bcg

"svl002_PCACHE.bcg" = generation of "dircoh.lnt":"PCACHE [INSTRUCTION, DATAVALUEREPLY, DIRECTORYREQUEST] (PROCESSORCACHE_1)"

svl clean info: [temporary] generator

svl clean info: [temporary] generator.o

svl clean info: [temporary] dircoh.o

svl clean info: [temporary] dircoh.err

% lnt.open  -root 'PCACHE [INSTRUCTION, DATAVALUEREPLY, DIRECTORYREQUEST] (PROCESSORCACHE_1)' "dircoh.lnt"  generator  "svl002_PCACHE.bcg"

lnt.open: translating ``dircoh.lnt'' to ``/tmp/zadmin_lnt.open_WicYOa/dircoh.lotos'' ...

lnt.open: calling caesar.open for ``dircoh.lotos'' ...
caesar.open: using ``/opt/software/cadp/src/open_caesar/generator.c''
caesar.open: calling ``caesar.adt -debug -silent dircoh''
cadp_indent: cannot find ``indent''
             file ``dircoh.h'' will not be formatted
caesar.open: calling ``lnt_check'' for ``dircoh.h''
caesar.open: calling ``caesar -root '-' -silent -open dircoh''
caesar.open: running ``generator svl002_PCACHE.bcg'' for ``dircoh.lotos''
command exit with status 0

info about svl002_PCACHE.bcg:
    (* 12376 states, 146322 transitions, 271.7 Kbytes *)

"svl003_reduced_PCACHE.bcg" = divbranching reduction of "svl002_PCACHE.bcg"

% bcg_min   -divbranching  "svl002_PCACHE.bcg" "svl003_reduced_PCACHE.bcg"
command exit with status 0

info about svl003_reduced_PCACHE.bcg:
    (* 2521 states, 28095 transitions, 68.3 Kbytes *)

svl clean info: [temporary] svl005_reduced_PCACHE.bcg

svl clean info: [temporary] svl004_PCACHE.bcg

"svl004_PCACHE.bcg" = generation of "dircoh.lnt":"PCACHE [INSTRUCTION, DATAVALUEREPLY, DIRECTORYREQUEST] (PROCESSORCACHE_2)"

svl clean info: [temporary] generator

svl clean info: [temporary] generator.o

svl clean info: [temporary] dircoh.o

svl clean info: [temporary] dircoh.err

% lnt.open  -root 'PCACHE [INSTRUCTION, DATAVALUEREPLY, DIRECTORYREQUEST] (PROCESSORCACHE_2)' "dircoh.lnt"  generator  "svl004_PCACHE.bcg"

lnt.open: translating ``dircoh.lnt'' to ``/tmp/zadmin_lnt.open_pM7uO3/dircoh.lotos'' ...

lnt.open: calling caesar.open for ``dircoh.lotos'' ...
caesar.open: using ``/opt/software/cadp/src/open_caesar/generator.c''
caesar.open: calling ``caesar.adt -debug -silent dircoh''
cadp_indent: cannot find ``indent''
             file ``dircoh.h'' will not be formatted
caesar.open: calling ``lnt_check'' for ``dircoh.h''
caesar.open: calling ``caesar -root '-' -silent -open dircoh''
caesar.open: running ``generator svl004_PCACHE.bcg'' for ``dircoh.lotos''
command exit with status 0

info about svl004_PCACHE.bcg:
    (* 12376 states, 146322 transitions, 271.7 Kbytes *)

"svl005_reduced_PCACHE.bcg" = divbranching reduction of "svl004_PCACHE.bcg"

% bcg_min   -divbranching  "svl004_PCACHE.bcg" "svl005_reduced_PCACHE.bcg"
command exit with status 0

info about svl005_reduced_PCACHE.bcg:
    (* 2521 states, 28095 transitions, 68.3 Kbytes *)

svl clean info: [temporary] svl007_reduced_PCACHE.bcg

svl clean info: [temporary] svl006_PCACHE.bcg

"svl006_PCACHE.bcg" = generation of "dircoh.lnt":"PCACHE [INSTRUCTION, DATAVALUEREPLY, DIRECTORYREQUEST] (PROCESSORCACHE_3)"

svl clean info: [temporary] generator

svl clean info: [temporary] generator.o

svl clean info: [temporary] dircoh.o

svl clean info: [temporary] dircoh.err

% lnt.open  -root 'PCACHE [INSTRUCTION, DATAVALUEREPLY, DIRECTORYREQUEST] (PROCESSORCACHE_3)' "dircoh.lnt"  generator  "svl006_PCACHE.bcg"

lnt.open: translating ``dircoh.lnt'' to ``/tmp/zadmin_lnt.open_2kFKIM/dircoh.lotos'' ...

lnt.open: calling caesar.open for ``dircoh.lotos'' ...
caesar.open: using ``/opt/software/cadp/src/open_caesar/generator.c''
caesar.open: calling ``caesar.adt -debug -silent dircoh''
cadp_indent: cannot find ``indent''
             file ``dircoh.h'' will not be formatted
caesar.open: calling ``lnt_check'' for ``dircoh.h''
caesar.open: calling ``caesar -root '-' -silent -open dircoh''
caesar.open: running ``generator svl006_PCACHE.bcg'' for ``dircoh.lotos''
command exit with status 0

info about svl006_PCACHE.bcg:
    (* 12376 states, 146322 transitions, 271.7 Kbytes *)

"svl007_reduced_PCACHE.bcg" = divbranching reduction of "svl006_PCACHE.bcg"

% bcg_min   -divbranching  "svl006_PCACHE.bcg" "svl007_reduced_PCACHE.bcg"
command exit with status 0

info about svl007_reduced_PCACHE.bcg:
    (* 2521 states, 28095 transitions, 68.3 Kbytes *)

svl clean info: [temporary] svl009_reduced_REMOTE_DIRECTORY.bcg

svl clean info: [temporary] svl008_REMOTE_DIRECTORY.bcg

"svl008_REMOTE_DIRECTORY.bcg" = generation of "dircoh.lnt":"REMOTE_DIRECTORY [DATAVALUEREPLY, DIRECTORYREQUEST]"

svl clean info: [temporary] generator

svl clean info: [temporary] generator.o

svl clean info: [temporary] dircoh.o

svl clean info: [temporary] dircoh.err

% lnt.open  -root 'REMOTE_DIRECTORY [DATAVALUEREPLY, DIRECTORYREQUEST]' "dircoh.lnt"  generator  "svl008_REMOTE_DIRECTORY.bcg"

lnt.open: translating ``dircoh.lnt'' to ``/tmp/zadmin_lnt.open_pyDMaZ/dircoh.lotos'' ...

lnt.open: calling caesar.open for ``dircoh.lotos'' ...
caesar.open: using ``/opt/software/cadp/src/open_caesar/generator.c''
caesar.open: calling ``caesar.adt -debug -silent dircoh''
cadp_indent: cannot find ``indent''
             file ``dircoh.h'' will not be formatted
caesar.open: calling ``lnt_check'' for ``dircoh.h''
caesar.open: calling ``caesar -root '-' -silent -open dircoh''
caesar.open: running ``generator svl008_REMOTE_DIRECTORY.bcg'' for ``dircoh.lotos''
command exit with status 0

info about svl008_REMOTE_DIRECTORY.bcg:
    (* 435397 states, 4984227 transitions, 8926.9 Kbytes *)

"svl009_reduced_REMOTE_DIRECTORY.bcg" = divbranching reduction of "svl008_REMOTE_DIRECTORY.bcg"

% bcg_min   -divbranching  "svl008_REMOTE_DIRECTORY.bcg" "svl009_reduced_REMOTE_DIRECTORY.bcg"
command exit with status 0

info about svl009_reduced_REMOTE_DIRECTORY.bcg:
    (* 69500 states, 168300 transitions, 464.2 Kbytes *)

"svl001_composition_1.exp" =
    par DATAVALUEREPLY, DIRECTORYREQUEST in
        par
            "svl003_reduced_PCACHE.bcg"
        ||
            "svl005_reduced_PCACHE.bcg"
        ||
            "svl007_reduced_PCACHE.bcg"
        end par
    ||
        "svl009_reduced_REMOTE_DIRECTORY.bcg"
    end par

svl clean info: [temporary] svl010_smart_composition_1.exp

svl clean info: [temporary] svl010_smart_composition_1.bcg

svl clean info: [temporary] svl010_smart_remainder_1.exp

svl clean info: [temporary] svl010_smart_all_1.exp

% exp2c  -branching  -smart 4 "svl010_smart_composition_1" "svl010_smart_remainder_1" "svl001_composition_1.exp"

exp2c: computing smart composition from the network "svl001_composition_1.exp"
       the generated network "svl010_smart_composition_1.exp" composes graphs:
           - "svl007_reduced_PCACHE.bcg"
           - "svl009_reduced_REMOTE_DIRECTORY.bcg"
       generate the graph "svl010_smart_composition_1.bcg" from this network
       and continue with the generated network "svl010_smart_remainder_1.exp"

command exit with status 0

"svl010_smart_composition_1.exp" =
    label par using
    -- "svl007_reduced_PCACHE.bcg" || "svl009_reduced_REMOTE_DIRECTORY.bcg" -> result
    (* V_1 *) _ || "DATAVALUEREPLY !PROCESSORCACHE_1 !DATA !MEMBLOCK_1" -> "DATAVALUEREPLY !PROCESSORCACHE_1 !DATA !MEMBLOCK_1",
    (* V_2 *) _ || "DATAVALUEREPLY !PROCESSORCACHE_1 !DATA !MEMBLOCK_2" -> "DATAVALUEREPLY !PROCESSORCACHE_1 !DATA !MEMBLOCK_2",
    (* V_3 *) _ || "DATAVALUEREPLY !PROCESSORCACHE_1 !DATA !MEMBLOCK_3" -> "DATAVALUEREPLY !PROCESSORCACHE_1 !DATA !MEMBLOCK_3",
    (* V_4 *) _ || "DATAVALUEREPLY !PROCESSORCACHE_1 !FETCH !MEMBLOCK_1" -> "DATAVALUEREPLY !PROCESSORCACHE_1 !FETCH !MEMBLOCK_1",
    (* V_5 *) _ || "DATAVALUEREPLY !PROCESSORCACHE_1 !FETCH !MEMBLOCK_2" -> "DATAVALUEREPLY !PROCESSORCACHE_1 !FETCH !MEMBLOCK_2",
    (* V_6 *) _ || "DATAVALUEREPLY !PROCESSORCACHE_1 !FETCH !MEMBLOCK_3" -> "DATAVALUEREPLY !PROCESSORCACHE_1 !FETCH !MEMBLOCK_3",
    (* V_7 *) _ || "DATAVALUEREPLY !PROCESSORCACHE_1 !INVALIDATE !MEMBLOCK_1" -> "DATAVALUEREPLY !PROCESSORCACHE_1 !INVALIDATE !MEMBLOCK_1",
    (* V_8 *) _ || "DATAVALUEREPLY !PROCESSORCACHE_1 !INVALIDATE !MEMBLOCK_2" -> "DATAVALUEREPLY !PROCESSORCACHE_1 !INVALIDATE !MEMBLOCK_2",
    (* V_9 *) _ || "DATAVALUEREPLY !PROCESSORCACHE_1 !INVALIDATE !MEMBLOCK_3" -> "DATAVALUEREPLY !PROCESSORCACHE_1 !INVALIDATE !MEMBLOCK_3",
    (* V_10 *) _ || "DATAVALUEREPLY !PROCESSORCACHE_2 !DATA !MEMBLOCK_1" -> "DATAVALUEREPLY !PROCESSORCACHE_2 !DATA !MEMBLOCK_1",
    (* V_11 *) _ || "DATAVALUEREPLY !PROCESSORCACHE_2 !DATA !MEMBLOCK_2" -> "DATAVALUEREPLY !PROCESSORCACHE_2 !DATA !MEMBLOCK_2",
    (* V_12 *) _ || "DATAVALUEREPLY !PROCESSORCACHE_2 !DATA !MEMBLOCK_3" -> "DATAVALUEREPLY !PROCESSORCACHE_2 !DATA !MEMBLOCK_3",
    (* V_13 *) _ || "DATAVALUEREPLY !PROCESSORCACHE_2 !FETCH !MEMBLOCK_1" -> "DATAVALUEREPLY !PROCESSORCACHE_2 !FETCH !MEMBLOCK_1",
    (* V_14 *) _ || "DATAVALUEREPLY !PROCESSORCACHE_2 !FETCH !MEMBLOCK_2" -> "DATAVALUEREPLY !PROCESSORCACHE_2 !FETCH !MEMBLOCK_2",
    (* V_15 *) _ || "DATAVALUEREPLY !PROCESSORCACHE_2 !FETCH !MEMBLOCK_3" -> "DATAVALUEREPLY !PROCESSORCACHE_2 !FETCH !MEMBLOCK_3",
    (* V_16 *) _ || "DATAVALUEREPLY !PROCESSORCACHE_2 !INVALIDATE !MEMBLOCK_1" -> "DATAVALUEREPLY !PROCESSORCACHE_2 !INVALIDATE !MEMBLOCK_1",
    (* V_17 *) _ || "DATAVALUEREPLY !PROCESSORCACHE_2 !INVALIDATE !MEMBLOCK_2" -> "DATAVALUEREPLY !PROCESSORCACHE_2 !INVALIDATE !MEMBLOCK_2",
    (* V_18 *) _ || "DATAVALUEREPLY !PROCESSORCACHE_2 !INVALIDATE !MEMBLOCK_3" -> "DATAVALUEREPLY !PROCESSORCACHE_2 !INVALIDATE !MEMBLOCK_3",
    (* V_19 *) "DATAVALUEREPLY !PROCESSORCACHE_3 !DATA !MEMBLOCK_1" || "DATAVALUEREPLY !PROCESSORCACHE_3 !DATA !MEMBLOCK_1" -> "DATAVALUEREPLY !PROCESSORCACHE_3 !DATA !MEMBLOCK_1",
    (* V_20 *) "DATAVALUEREPLY !PROCESSORCACHE_3 !DATA !MEMBLOCK_2" || "DATAVALUEREPLY !PROCESSORCACHE_3 !DATA !MEMBLOCK_2" -> "DATAVALUEREPLY !PROCESSORCACHE_3 !DATA !MEMBLOCK_2",
    (* V_21 *) "DATAVALUEREPLY !PROCESSORCACHE_3 !DATA !MEMBLOCK_3" || "DATAVALUEREPLY !PROCESSORCACHE_3 !DATA !MEMBLOCK_3" -> "DATAVALUEREPLY !PROCESSORCACHE_3 !DATA !MEMBLOCK_3",
    (* V_22 *) "DATAVALUEREPLY !PROCESSORCACHE_3 !FETCH !MEMBLOCK_1" || "DATAVALUEREPLY !PROCESSORCACHE_3 !FETCH !MEMBLOCK_1" -> "DATAVALUEREPLY !PROCESSORCACHE_3 !FETCH !MEMBLOCK_1",
    (* V_23 *) "DATAVALUEREPLY !PROCESSORCACHE_3 !FETCH !MEMBLOCK_2" || "DATAVALUEREPLY !PROCESSORCACHE_3 !FETCH !MEMBLOCK_2" -> "DATAVALUEREPLY !PROCESSORCACHE_3 !FETCH !MEMBLOCK_2",
    (* V_24 *) "DATAVALUEREPLY !PROCESSORCACHE_3 !FETCH !MEMBLOCK_3" || "DATAVALUEREPLY !PROCESSORCACHE_3 !FETCH !MEMBLOCK_3" -> "DATAVALUEREPLY !PROCESSORCACHE_3 !FETCH !MEMBLOCK_3",
    (* V_25 *) "DATAVALUEREPLY !PROCESSORCACHE_3 !INVALIDATE !MEMBLOCK_1" || "DATAVALUEREPLY !PROCESSORCACHE_3 !INVALIDATE !MEMBLOCK_1" -> "DATAVALUEREPLY !PROCESSORCACHE_3 !INVALIDATE !MEMBLOCK_1",
    (* V_26 *) "DATAVALUEREPLY !PROCESSORCACHE_3 !INVALIDATE !MEMBLOCK_2" || "DATAVALUEREPLY !PROCESSORCACHE_3 !INVALIDATE !MEMBLOCK_2" -> "DATAVALUEREPLY !PROCESSORCACHE_3 !INVALIDATE !MEMBLOCK_2",
    (* V_27 *) "DATAVALUEREPLY !PROCESSORCACHE_3 !INVALIDATE !MEMBLOCK_3" || "DATAVALUEREPLY !PROCESSORCACHE_3 !INVALIDATE !MEMBLOCK_3" -> "DATAVALUEREPLY !PROCESSORCACHE_3 !INVALIDATE !MEMBLOCK_3",
    (* V_28 *) _ || "DIRECTORYREQUEST !PROCESSORCACHE_1 !READ_MISS !MEMBLOCK_1" -> "DIRECTORYREQUEST !PROCESSORCACHE_1 !READ_MISS !MEMBLOCK_1",
    (* V_29 *) _ || "DIRECTORYREQUEST !PROCESSORCACHE_1 !READ_MISS !MEMBLOCK_2" -> "DIRECTORYREQUEST !PROCESSORCACHE_1 !READ_MISS !MEMBLOCK_2",
    (* V_30 *) _ || "DIRECTORYREQUEST !PROCESSORCACHE_1 !READ_MISS !MEMBLOCK_3" -> "DIRECTORYREQUEST !PROCESSORCACHE_1 !READ_MISS !MEMBLOCK_3",
    (* V_31 *) _ || "DIRECTORYREQUEST !PROCESSORCACHE_1 !WRITE_BACK !MEMBLOCK_1" -> "DIRECTORYREQUEST !PROCESSORCACHE_1 !WRITE_BACK !MEMBLOCK_1",
    (* V_32 *) _ || "DIRECTORYREQUEST !PROCESSORCACHE_1 !WRITE_BACK !MEMBLOCK_2" -> "DIRECTORYREQUEST !PROCESSORCACHE_1 !WRITE_BACK !MEMBLOCK_2",
    (* V_33 *) _ || "DIRECTORYREQUEST !PROCESSORCACHE_1 !WRITE_BACK !MEMBLOCK_3" -> "DIRECTORYREQUEST !PROCESSORCACHE_1 !WRITE_BACK !MEMBLOCK_3",
    (* V_34 *) _ || "DIRECTORYREQUEST !PROCESSORCACHE_1 !WRITE_MISS !MEMBLOCK_1" -> "DIRECTORYREQUEST !PROCESSORCACHE_1 !WRITE_MISS !MEMBLOCK_1",
    (* V_35 *) _ || "DIRECTORYREQUEST !PROCESSORCACHE_1 !WRITE_MISS !MEMBLOCK_2" -> "DIRECTORYREQUEST !PROCESSORCACHE_1 !WRITE_MISS !MEMBLOCK_2",
    (* V_36 *) _ || "DIRECTORYREQUEST !PROCESSORCACHE_1 !WRITE_MISS !MEMBLOCK_3" -> "DIRECTORYREQUEST !PROCESSORCACHE_1 !WRITE_MISS !MEMBLOCK_3",
    (* V_37 *) _ || "DIRECTORYREQUEST !PROCESSORCACHE_2 !READ_MISS !MEMBLOCK_1" -> "DIRECTORYREQUEST !PROCESSORCACHE_2 !READ_MISS !MEMBLOCK_1",
    (* V_38 *) _ || "DIRECTORYREQUEST !PROCESSORCACHE_2 !READ_MISS !MEMBLOCK_2" -> "DIRECTORYREQUEST !PROCESSORCACHE_2 !READ_MISS !MEMBLOCK_2",
    (* V_39 *) _ || "DIRECTORYREQUEST !PROCESSORCACHE_2 !READ_MISS !MEMBLOCK_3" -> "DIRECTORYREQUEST !PROCESSORCACHE_2 !READ_MISS !MEMBLOCK_3",
    (* V_40 *) _ || "DIRECTORYREQUEST !PROCESSORCACHE_2 !WRITE_BACK !MEMBLOCK_1" -> "DIRECTORYREQUEST !PROCESSORCACHE_2 !WRITE_BACK !MEMBLOCK_1",
    (* V_41 *) _ || "DIRECTORYREQUEST !PROCESSORCACHE_2 !WRITE_BACK !MEMBLOCK_2" -> "DIRECTORYREQUEST !PROCESSORCACHE_2 !WRITE_BACK !MEMBLOCK_2",
    (* V_42 *) _ || "DIRECTORYREQUEST !PROCESSORCACHE_2 !WRITE_BACK !MEMBLOCK_3" -> "DIRECTORYREQUEST !PROCESSORCACHE_2 !WRITE_BACK !MEMBLOCK_3",
    (* V_43 *) _ || "DIRECTORYREQUEST !PROCESSORCACHE_2 !WRITE_MISS !MEMBLOCK_1" -> "DIRECTORYREQUEST !PROCESSORCACHE_2 !WRITE_MISS !MEMBLOCK_1",
    (* V_44 *) _ || "DIRECTORYREQUEST !PROCESSORCACHE_2 !WRITE_MISS !MEMBLOCK_2" -> "DIRECTORYREQUEST !PROCESSORCACHE_2 !WRITE_MISS !MEMBLOCK_2",
    (* V_45 *) _ || "DIRECTORYREQUEST !PROCESSORCACHE_2 !WRITE_MISS !MEMBLOCK_3" -> "DIRECTORYREQUEST !PROCESSORCACHE_2 !WRITE_MISS !MEMBLOCK_3",
    (* V_46 *) "DIRECTORYREQUEST !PROCESSORCACHE_3 !READ_MISS !MEMBLOCK_1" || "DIRECTORYREQUEST !PROCESSORCACHE_3 !READ_MISS !MEMBLOCK_1" -> "DIRECTORYREQUEST !PROCESSORCACHE_3 !READ_MISS !MEMBLOCK_1",
    (* V_47 *) "DIRECTORYREQUEST !PROCESSORCACHE_3 !READ_MISS !MEMBLOCK_2" || "DIRECTORYREQUEST !PROCESSORCACHE_3 !READ_MISS !MEMBLOCK_2" -> "DIRECTORYREQUEST !PROCESSORCACHE_3 !READ_MISS !MEMBLOCK_2",
    (* V_48 *) "DIRECTORYREQUEST !PROCESSORCACHE_3 !READ_MISS !MEMBLOCK_3" || "DIRECTORYREQUEST !PROCESSORCACHE_3 !READ_MISS !MEMBLOCK_3" -> "DIRECTORYREQUEST !PROCESSORCACHE_3 !READ_MISS !MEMBLOCK_3",
    (* V_49 *) "DIRECTORYREQUEST !PROCESSORCACHE_3 !WRITE_BACK !MEMBLOCK_1" || "DIRECTORYREQUEST !PROCESSORCACHE_3 !WRITE_BACK !MEMBLOCK_1" -> "DIRECTORYREQUEST !PROCESSORCACHE_3 !WRITE_BACK !MEMBLOCK_1",
    (* V_50 *) "DIRECTORYREQUEST !PROCESSORCACHE_3 !WRITE_BACK !MEMBLOCK_2" || "DIRECTORYREQUEST !PROCESSORCACHE_3 !WRITE_BACK !MEMBLOCK_2" -> "DIRECTORYREQUEST !PROCESSORCACHE_3 !WRITE_BACK !MEMBLOCK_2",
    (* V_51 *) "DIRECTORYREQUEST !PROCESSORCACHE_3 !WRITE_BACK !MEMBLOCK_3" || "DIRECTORYREQUEST !PROCESSORCACHE_3 !WRITE_BACK !MEMBLOCK_3" -> "DIRECTORYREQUEST !PROCESSORCACHE_3 !WRITE_BACK !MEMBLOCK_3",
    (* V_52 *) "DIRECTORYREQUEST !PROCESSORCACHE_3 !WRITE_MISS !MEMBLOCK_1" || "DIRECTORYREQUEST !PROCESSORCACHE_3 !WRITE_MISS !MEMBLOCK_1" -> "DIRECTORYREQUEST !PROCESSORCACHE_3 !WRITE_MISS !MEMBLOCK_1",
    (* V_53 *) "DIRECTORYREQUEST !PROCESSORCACHE_3 !WRITE_MISS !MEMBLOCK_2" || "DIRECTORYREQUEST !PROCESSORCACHE_3 !WRITE_MISS !MEMBLOCK_2" -> "DIRECTORYREQUEST !PROCESSORCACHE_3 !WRITE_MISS !MEMBLOCK_2",
    (* V_54 *) "DIRECTORYREQUEST !PROCESSORCACHE_3 !WRITE_MISS !MEMBLOCK_3" || "DIRECTORYREQUEST !PROCESSORCACHE_3 !WRITE_MISS !MEMBLOCK_3" -> "DIRECTORYREQUEST !PROCESSORCACHE_3 !WRITE_MISS !MEMBLOCK_3",
    (* V_55 *) "INSTRUCTION !PROCESSORCACHE_3 !CPU_READ !MEMBLOCK_1" || _ -> "INSTRUCTION !PROCESSORCACHE_3 !CPU_READ !MEMBLOCK_1",
    (* V_56 *) "INSTRUCTION !PROCESSORCACHE_3 !CPU_READ !MEMBLOCK_2" || _ -> "INSTRUCTION !PROCESSORCACHE_3 !CPU_READ !MEMBLOCK_2",
    (* V_57 *) "INSTRUCTION !PROCESSORCACHE_3 !CPU_READ !MEMBLOCK_3" || _ -> "INSTRUCTION !PROCESSORCACHE_3 !CPU_READ !MEMBLOCK_3",
    (* V_58 *) "INSTRUCTION !PROCESSORCACHE_3 !CPU_WRITE !MEMBLOCK_1" || _ -> "INSTRUCTION !PROCESSORCACHE_3 !CPU_WRITE !MEMBLOCK_1",
    (* V_59 *) "INSTRUCTION !PROCESSORCACHE_3 !CPU_WRITE !MEMBLOCK_2" || _ -> "INSTRUCTION !PROCESSORCACHE_3 !CPU_WRITE !MEMBLOCK_2",
    (* V_60 *) "INSTRUCTION !PROCESSORCACHE_3 !CPU_WRITE !MEMBLOCK_3" || _ -> "INSTRUCTION !PROCESSORCACHE_3 !CPU_WRITE !MEMBLOCK_3"
    in
           "svl007_reduced_PCACHE.bcg"
        || "svl009_reduced_REMOTE_DIRECTORY.bcg"
    end par 

svl clean info: [temporary] svl010_smart_1.bcg

"svl010_smart_1.bcg" = generation of "svl010_smart_composition_1.exp"

svl clean info: [temporary] generator

svl clean info: [temporary] generator.o

svl clean info: [temporary] svl010_smart_composition_1.c

svl clean info: [temporary] svl010_smart_composition_1.o

% exp.open -strong   "svl010_smart_composition_1.exp"  generator  "svl010_smart_1.bcg"
exp.open: using ``/opt/software/cadp/src/open_caesar/generator.c''
exp.open: generating svl010_smart_composition_1.c ...
exp.open: compiling svl010_smart_composition_1.c ...
/opt/software/cadp/src/com/cadp_cc   -c -I/opt/software/cadp/incl -o svl010_smart_composition_1.o svl010_smart_composition_1.c
/opt/software/cadp/src/com/cadp_cc -I. -I/opt/software/cadp/incl -I/opt/software/cadp/src/open_caesar  -c /opt/software/cadp/src/open_caesar/generator.c -o generator.o
/opt/software/cadp/src/com/cadp_cc  generator.o svl010_smart_composition_1.o -o generator -L/opt/software/cadp/bin.x64 -lexp_open -L/opt/software/cadp/bin.x64 -lcaesar -lBCG_IO -lBCG -L/opt/software/cadp/bin.x64 -lBCG_IO -lBCG -lm
exp.open: running ``generator svl010_smart_1.bcg'' for ``./svl010_smart_composition_1.exp''
command exit with status 0

info about svl010_smart_1.bcg:
    (* 11509998 states, 38350583 transitions, 84920.0 Kbytes *)

"svl010_smart_composition_1.bcg" = divbranching reduction of "svl010_smart_1.bcg"

% bcg_min   -divbranching  "svl010_smart_1.bcg" "svl010_smart_composition_1.bcg"
command exit with status 0

info about svl010_smart_composition_1.bcg:
    (* 3920789 states, 15765754 transitions, 43476.3 Kbytes *)

% cp -f "svl010_smart_remainder_1.exp" "svl010_smart_all_1.exp"
command exit with status 0

svl clean info: [temporary] svl010_smart_composition_2.exp

svl clean info: [temporary] svl010_smart_composition_2.bcg

svl clean info: [temporary] svl010_smart_remainder_2.exp

svl clean info: [temporary] svl010_smart_all_2.exp

% exp2c  -branching  -smart 4 "svl010_smart_composition_2" "svl010_smart_remainder_2" "svl010_smart_all_1.exp"

exp2c: computing smart composition from the network "svl010_smart_all_1.exp"
       the generated network "svl010_smart_composition_2.exp" composes graphs:
           - "svl010_smart_composition_1.bcg"
           - "svl003_reduced_PCACHE.bcg"
       generate the graph "svl010_smart_composition_2.bcg" from this network
       and continue with the generated network "svl010_smart_remainder_2.exp"

command exit with status 0

"svl010_smart_composition_2.exp" =
    label par using
    -- "svl010_smart_composition_1.bcg" || "svl003_reduced_PCACHE.bcg" -> result
    (* V_1 *) "DATAVALUEREPLY !PROCESSORCACHE_1 !DATA !MEMBLOCK_1" || "DATAVALUEREPLY !PROCESSORCACHE_1 !DATA !MEMBLOCK_1" -> "DATAVALUEREPLY !PROCESSORCACHE_1 !DATA !MEMBLOCK_1",
    (* V_2 *) "DATAVALUEREPLY !PROCESSORCACHE_1 !DATA !MEMBLOCK_2" || "DATAVALUEREPLY !PROCESSORCACHE_1 !DATA !MEMBLOCK_2" -> "DATAVALUEREPLY !PROCESSORCACHE_1 !DATA !MEMBLOCK_2",
    (* V_3 *) "DATAVALUEREPLY !PROCESSORCACHE_1 !DATA !MEMBLOCK_3" || "DATAVALUEREPLY !PROCESSORCACHE_1 !DATA !MEMBLOCK_3" -> "DATAVALUEREPLY !PROCESSORCACHE_1 !DATA !MEMBLOCK_3",
    (* V_4 *) "DATAVALUEREPLY !PROCESSORCACHE_1 !FETCH !MEMBLOCK_1" || "DATAVALUEREPLY !PROCESSORCACHE_1 !FETCH !MEMBLOCK_1" -> "DATAVALUEREPLY !PROCESSORCACHE_1 !FETCH !MEMBLOCK_1",
    (* V_5 *) "DATAVALUEREPLY !PROCESSORCACHE_1 !FETCH !MEMBLOCK_2" || "DATAVALUEREPLY !PROCESSORCACHE_1 !FETCH !MEMBLOCK_2" -> "DATAVALUEREPLY !PROCESSORCACHE_1 !FETCH !MEMBLOCK_2",
    (* V_6 *) "DATAVALUEREPLY !PROCESSORCACHE_1 !FETCH !MEMBLOCK_3" || "DATAVALUEREPLY !PROCESSORCACHE_1 !FETCH !MEMBLOCK_3" -> "DATAVALUEREPLY !PROCESSORCACHE_1 !FETCH !MEMBLOCK_3",
    (* V_7 *) "DATAVALUEREPLY !PROCESSORCACHE_1 !INVALIDATE !MEMBLOCK_1" || "DATAVALUEREPLY !PROCESSORCACHE_1 !INVALIDATE !MEMBLOCK_1" -> "DATAVALUEREPLY !PROCESSORCACHE_1 !INVALIDATE !MEMBLOCK_1",
    (* V_8 *) "DATAVALUEREPLY !PROCESSORCACHE_1 !INVALIDATE !MEMBLOCK_2" || "DATAVALUEREPLY !PROCESSORCACHE_1 !INVALIDATE !MEMBLOCK_2" -> "DATAVALUEREPLY !PROCESSORCACHE_1 !INVALIDATE !MEMBLOCK_2",
    (* V_9 *) "DATAVALUEREPLY !PROCESSORCACHE_1 !INVALIDATE !MEMBLOCK_3" || "DATAVALUEREPLY !PROCESSORCACHE_1 !INVALIDATE !MEMBLOCK_3" -> "DATAVALUEREPLY !PROCESSORCACHE_1 !INVALIDATE !MEMBLOCK_3",
    (* V_10 *) "DATAVALUEREPLY !PROCESSORCACHE_2 !DATA !MEMBLOCK_1" || _ -> "DATAVALUEREPLY !PROCESSORCACHE_2 !DATA !MEMBLOCK_1",
    (* V_11 *) "DATAVALUEREPLY !PROCESSORCACHE_2 !DATA !MEMBLOCK_2" || _ -> "DATAVALUEREPLY !PROCESSORCACHE_2 !DATA !MEMBLOCK_2",
    (* V_12 *) "DATAVALUEREPLY !PROCESSORCACHE_2 !DATA !MEMBLOCK_3" || _ -> "DATAVALUEREPLY !PROCESSORCACHE_2 !DATA !MEMBLOCK_3",
    (* V_13 *) "DATAVALUEREPLY !PROCESSORCACHE_2 !FETCH !MEMBLOCK_1" || _ -> "DATAVALUEREPLY !PROCESSORCACHE_2 !FETCH !MEMBLOCK_1",
    (* V_14 *) "DATAVALUEREPLY !PROCESSORCACHE_2 !FETCH !MEMBLOCK_2" || _ -> "DATAVALUEREPLY !PROCESSORCACHE_2 !FETCH !MEMBLOCK_2",
    (* V_15 *) "DATAVALUEREPLY !PROCESSORCACHE_2 !FETCH !MEMBLOCK_3" || _ -> "DATAVALUEREPLY !PROCESSORCACHE_2 !FETCH !MEMBLOCK_3",
    (* V_16 *) "DATAVALUEREPLY !PROCESSORCACHE_2 !INVALIDATE !MEMBLOCK_1" || _ -> "DATAVALUEREPLY !PROCESSORCACHE_2 !INVALIDATE !MEMBLOCK_1",
    (* V_17 *) "DATAVALUEREPLY !PROCESSORCACHE_2 !INVALIDATE !MEMBLOCK_2" || _ -> "DATAVALUEREPLY !PROCESSORCACHE_2 !INVALIDATE !MEMBLOCK_2",
    (* V_18 *) "DATAVALUEREPLY !PROCESSORCACHE_2 !INVALIDATE !MEMBLOCK_3" || _ -> "DATAVALUEREPLY !PROCESSORCACHE_2 !INVALIDATE !MEMBLOCK_3",
    (* V_19 *) "DATAVALUEREPLY !PROCESSORCACHE_3 !DATA !MEMBLOCK_1" || _ -> "DATAVALUEREPLY !PROCESSORCACHE_3 !DATA !MEMBLOCK_1",
    (* V_20 *) "DATAVALUEREPLY !PROCESSORCACHE_3 !DATA !MEMBLOCK_2" || _ -> "DATAVALUEREPLY !PROCESSORCACHE_3 !DATA !MEMBLOCK_2",
    (* V_21 *) "DATAVALUEREPLY !PROCESSORCACHE_3 !DATA !MEMBLOCK_3" || _ -> "DATAVALUEREPLY !PROCESSORCACHE_3 !DATA !MEMBLOCK_3",
    (* V_22 *) "DATAVALUEREPLY !PROCESSORCACHE_3 !FETCH !MEMBLOCK_1" || _ -> "DATAVALUEREPLY !PROCESSORCACHE_3 !FETCH !MEMBLOCK_1",
    (* V_23 *) "DATAVALUEREPLY !PROCESSORCACHE_3 !FETCH !MEMBLOCK_2" || _ -> "DATAVALUEREPLY !PROCESSORCACHE_3 !FETCH !MEMBLOCK_2",
    (* V_24 *) "DATAVALUEREPLY !PROCESSORCACHE_3 !FETCH !MEMBLOCK_3" || _ -> "DATAVALUEREPLY !PROCESSORCACHE_3 !FETCH !MEMBLOCK_3",
    (* V_25 *) "DATAVALUEREPLY !PROCESSORCACHE_3 !INVALIDATE !MEMBLOCK_1" || _ -> "DATAVALUEREPLY !PROCESSORCACHE_3 !INVALIDATE !MEMBLOCK_1",
    (* V_26 *) "DATAVALUEREPLY !PROCESSORCACHE_3 !INVALIDATE !MEMBLOCK_2" || _ -> "DATAVALUEREPLY !PROCESSORCACHE_3 !INVALIDATE !MEMBLOCK_2",
    (* V_27 *) "DATAVALUEREPLY !PROCESSORCACHE_3 !INVALIDATE !MEMBLOCK_3" || _ -> "DATAVALUEREPLY !PROCESSORCACHE_3 !INVALIDATE !MEMBLOCK_3",
    (* V_28 *) "DIRECTORYREQUEST !PROCESSORCACHE_1 !READ_MISS !MEMBLOCK_1" || "DIRECTORYREQUEST !PROCESSORCACHE_1 !READ_MISS !MEMBLOCK_1" -> "DIRECTORYREQUEST !PROCESSORCACHE_1 !READ_MISS !MEMBLOCK_1",
    (* V_29 *) "DIRECTORYREQUEST !PROCESSORCACHE_1 !READ_MISS !MEMBLOCK_2" || "DIRECTORYREQUEST !PROCESSORCACHE_1 !READ_MISS !MEMBLOCK_2" -> "DIRECTORYREQUEST !PROCESSORCACHE_1 !READ_MISS !MEMBLOCK_2",
    (* V_30 *) "DIRECTORYREQUEST !PROCESSORCACHE_1 !READ_MISS !MEMBLOCK_3" || "DIRECTORYREQUEST !PROCESSORCACHE_1 !READ_MISS !MEMBLOCK_3" -> "DIRECTORYREQUEST !PROCESSORCACHE_1 !READ_MISS !MEMBLOCK_3",
    (* V_31 *) "DIRECTORYREQUEST !PROCESSORCACHE_1 !WRITE_BACK !MEMBLOCK_1" || "DIRECTORYREQUEST !PROCESSORCACHE_1 !WRITE_BACK !MEMBLOCK_1" -> "DIRECTORYREQUEST !PROCESSORCACHE_1 !WRITE_BACK !MEMBLOCK_1",
    (* V_32 *) "DIRECTORYREQUEST !PROCESSORCACHE_1 !WRITE_BACK !MEMBLOCK_2" || "DIRECTORYREQUEST !PROCESSORCACHE_1 !WRITE_BACK !MEMBLOCK_2" -> "DIRECTORYREQUEST !PROCESSORCACHE_1 !WRITE_BACK !MEMBLOCK_2",
    (* V_33 *) "DIRECTORYREQUEST !PROCESSORCACHE_1 !WRITE_BACK !MEMBLOCK_3" || "DIRECTORYREQUEST !PROCESSORCACHE_1 !WRITE_BACK !MEMBLOCK_3" -> "DIRECTORYREQUEST !PROCESSORCACHE_1 !WRITE_BACK !MEMBLOCK_3",
    (* V_34 *) "DIRECTORYREQUEST !PROCESSORCACHE_1 !WRITE_MISS !MEMBLOCK_1" || "DIRECTORYREQUEST !PROCESSORCACHE_1 !WRITE_MISS !MEMBLOCK_1" -> "DIRECTORYREQUEST !PROCESSORCACHE_1 !WRITE_MISS !MEMBLOCK_1",
    (* V_35 *) "DIRECTORYREQUEST !PROCESSORCACHE_1 !WRITE_MISS !MEMBLOCK_2" || "DIRECTORYREQUEST !PROCESSORCACHE_1 !WRITE_MISS !MEMBLOCK_2" -> "DIRECTORYREQUEST !PROCESSORCACHE_1 !WRITE_MISS !MEMBLOCK_2",
    (* V_36 *) "DIRECTORYREQUEST !PROCESSORCACHE_1 !WRITE_MISS !MEMBLOCK_3" || "DIRECTORYREQUEST !PROCESSORCACHE_1 !WRITE_MISS !MEMBLOCK_3" -> "DIRECTORYREQUEST !PROCESSORCACHE_1 !WRITE_MISS !MEMBLOCK_3",
    (* V_37 *) "DIRECTORYREQUEST !PROCESSORCACHE_2 !READ_MISS !MEMBLOCK_1" || _ -> "DIRECTORYREQUEST !PROCESSORCACHE_2 !READ_MISS !MEMBLOCK_1",
    (* V_38 *) "DIRECTORYREQUEST !PROCESSORCACHE_2 !READ_MISS !MEMBLOCK_2" || _ -> "DIRECTORYREQUEST !PROCESSORCACHE_2 !READ_MISS !MEMBLOCK_2",
    (* V_39 *) "DIRECTORYREQUEST !PROCESSORCACHE_2 !READ_MISS !MEMBLOCK_3" || _ -> "DIRECTORYREQUEST !PROCESSORCACHE_2 !READ_MISS !MEMBLOCK_3",
    (* V_40 *) "DIRECTORYREQUEST !PROCESSORCACHE_2 !WRITE_BACK !MEMBLOCK_1" || _ -> "DIRECTORYREQUEST !PROCESSORCACHE_2 !WRITE_BACK !MEMBLOCK_1",
    (* V_41 *) "DIRECTORYREQUEST !PROCESSORCACHE_2 !WRITE_BACK !MEMBLOCK_2" || _ -> "DIRECTORYREQUEST !PROCESSORCACHE_2 !WRITE_BACK !MEMBLOCK_2",
    (* V_42 *) "DIRECTORYREQUEST !PROCESSORCACHE_2 !WRITE_BACK !MEMBLOCK_3" || _ -> "DIRECTORYREQUEST !PROCESSORCACHE_2 !WRITE_BACK !MEMBLOCK_3",
    (* V_43 *) "DIRECTORYREQUEST !PROCESSORCACHE_2 !WRITE_MISS !MEMBLOCK_1" || _ -> "DIRECTORYREQUEST !PROCESSORCACHE_2 !WRITE_MISS !MEMBLOCK_1",
    (* V_44 *) "DIRECTORYREQUEST !PROCESSORCACHE_2 !WRITE_MISS !MEMBLOCK_2" || _ -> "DIRECTORYREQUEST !PROCESSORCACHE_2 !WRITE_MISS !MEMBLOCK_2",
    (* V_45 *) "DIRECTORYREQUEST !PROCESSORCACHE_2 !WRITE_MISS !MEMBLOCK_3" || _ -> "DIRECTORYREQUEST !PROCESSORCACHE_2 !WRITE_MISS !MEMBLOCK_3",
    (* V_46 *) "DIRECTORYREQUEST !PROCESSORCACHE_3 !READ_MISS !MEMBLOCK_1" || _ -> "DIRECTORYREQUEST !PROCESSORCACHE_3 !READ_MISS !MEMBLOCK_1",
    (* V_47 *) "DIRECTORYREQUEST !PROCESSORCACHE_3 !READ_MISS !MEMBLOCK_2" || _ -> "DIRECTORYREQUEST !PROCESSORCACHE_3 !READ_MISS !MEMBLOCK_2",
    (* V_48 *) "DIRECTORYREQUEST !PROCESSORCACHE_3 !READ_MISS !MEMBLOCK_3" || _ -> "DIRECTORYREQUEST !PROCESSORCACHE_3 !READ_MISS !MEMBLOCK_3",
    (* V_49 *) "DIRECTORYREQUEST !PROCESSORCACHE_3 !WRITE_BACK !MEMBLOCK_1" || _ -> "DIRECTORYREQUEST !PROCESSORCACHE_3 !WRITE_BACK !MEMBLOCK_1",
    (* V_50 *) "DIRECTORYREQUEST !PROCESSORCACHE_3 !WRITE_BACK !MEMBLOCK_2" || _ -> "DIRECTORYREQUEST !PROCESSORCACHE_3 !WRITE_BACK !MEMBLOCK_2",
    (* V_51 *) "DIRECTORYREQUEST !PROCESSORCACHE_3 !WRITE_BACK !MEMBLOCK_3" || _ -> "DIRECTORYREQUEST !PROCESSORCACHE_3 !WRITE_BACK !MEMBLOCK_3",
    (* V_52 *) "DIRECTORYREQUEST !PROCESSORCACHE_3 !WRITE_MISS !MEMBLOCK_1" || _ -> "DIRECTORYREQUEST !PROCESSORCACHE_3 !WRITE_MISS !MEMBLOCK_1",
    (* V_53 *) "DIRECTORYREQUEST !PROCESSORCACHE_3 !WRITE_MISS !MEMBLOCK_2" || _ -> "DIRECTORYREQUEST !PROCESSORCACHE_3 !WRITE_MISS !MEMBLOCK_2",
    (* V_54 *) "DIRECTORYREQUEST !PROCESSORCACHE_3 !WRITE_MISS !MEMBLOCK_3" || _ -> "DIRECTORYREQUEST !PROCESSORCACHE_3 !WRITE_MISS !MEMBLOCK_3",
    (* V_55 *) _ || "INSTRUCTION !PROCESSORCACHE_1 !CPU_READ !MEMBLOCK_1" -> "INSTRUCTION !PROCESSORCACHE_1 !CPU_READ !MEMBLOCK_1",
    (* V_56 *) _ || "INSTRUCTION !PROCESSORCACHE_1 !CPU_READ !MEMBLOCK_2" -> "INSTRUCTION !PROCESSORCACHE_1 !CPU_READ !MEMBLOCK_2",
    (* V_57 *) _ || "INSTRUCTION !PROCESSORCACHE_1 !CPU_READ !MEMBLOCK_3" -> "INSTRUCTION !PROCESSORCACHE_1 !CPU_READ !MEMBLOCK_3",
    (* V_58 *) _ || "INSTRUCTION !PROCESSORCACHE_1 !CPU_WRITE !MEMBLOCK_1" -> "INSTRUCTION !PROCESSORCACHE_1 !CPU_WRITE !MEMBLOCK_1",
    (* V_59 *) _ || "INSTRUCTION !PROCESSORCACHE_1 !CPU_WRITE !MEMBLOCK_2" -> "INSTRUCTION !PROCESSORCACHE_1 !CPU_WRITE !MEMBLOCK_2",
    (* V_60 *) _ || "INSTRUCTION !PROCESSORCACHE_1 !CPU_WRITE !MEMBLOCK_3" -> "INSTRUCTION !PROCESSORCACHE_1 !CPU_WRITE !MEMBLOCK_3",
    (* V_61 *) "INSTRUCTION !PROCESSORCACHE_3 !CPU_READ !MEMBLOCK_1" || _ -> "INSTRUCTION !PROCESSORCACHE_3 !CPU_READ !MEMBLOCK_1",
    (* V_62 *) "INSTRUCTION !PROCESSORCACHE_3 !CPU_READ !MEMBLOCK_2" || _ -> "INSTRUCTION !PROCESSORCACHE_3 !CPU_READ !MEMBLOCK_2",
    (* V_63 *) "INSTRUCTION !PROCESSORCACHE_3 !CPU_READ !MEMBLOCK_3" || _ -> "INSTRUCTION !PROCESSORCACHE_3 !CPU_READ !MEMBLOCK_3",
    (* V_64 *) "INSTRUCTION !PROCESSORCACHE_3 !CPU_WRITE !MEMBLOCK_1" || _ -> "INSTRUCTION !PROCESSORCACHE_3 !CPU_WRITE !MEMBLOCK_1",
    (* V_65 *) "INSTRUCTION !PROCESSORCACHE_3 !CPU_WRITE !MEMBLOCK_2" || _ -> "INSTRUCTION !PROCESSORCACHE_3 !CPU_WRITE !MEMBLOCK_2",
    (* V_66 *) "INSTRUCTION !PROCESSORCACHE_3 !CPU_WRITE !MEMBLOCK_3" || _ -> "INSTRUCTION !PROCESSORCACHE_3 !CPU_WRITE !MEMBLOCK_3"
    in
           "svl010_smart_composition_1.bcg"
        || "svl003_reduced_PCACHE.bcg"
    end par 

svl clean info: [temporary] svl010_smart_2.bcg

"svl010_smart_2.bcg" = generation of "svl010_smart_composition_2.exp"

svl clean info: [temporary] generator

svl clean info: [temporary] generator.o

svl clean info: [temporary] svl010_smart_composition_2.c

svl clean info: [temporary] svl010_smart_composition_2.o

% exp.open -strong   "svl010_smart_composition_2.exp"  generator  "svl010_smart_2.bcg"
exp.open: using ``/opt/software/cadp/src/open_caesar/generator.c''
exp.open: generating svl010_smart_composition_2.c ...
exp.open: compiling svl010_smart_composition_2.c ...
/opt/software/cadp/src/com/cadp_cc   -c -I/opt/software/cadp/incl -o svl010_smart_composition_2.o svl010_smart_composition_2.c
/opt/software/cadp/src/com/cadp_cc -I. -I/opt/software/cadp/incl -I/opt/software/cadp/src/open_caesar  -c /opt/software/cadp/src/open_caesar/generator.c -o generator.o
/opt/software/cadp/src/com/cadp_cc  generator.o svl010_smart_composition_2.o -o generator -L/opt/software/cadp/bin.x64 -lexp_open -L/opt/software/cadp/bin.x64 -lcaesar -lBCG_IO -lBCG -L/opt/software/cadp/bin.x64 -lBCG_IO -lBCG -lm
exp.open: running ``generator svl010_smart_2.bcg'' for ``./svl010_smart_composition_2.exp''
command exit with status 0

info about svl010_smart_2.bcg:
    (* 543344232 states, 2549817440 transitions, 5538835.9 Kbytes *)

"svl010_smart_composition_2.bcg" = divbranching reduction of "svl010_smart_2.bcg"

% bcg_min   -divbranching  "svl010_smart_2.bcg" "svl010_smart_composition_2.bcg"
command exit with status 0

info about svl010_smart_composition_2.bcg:
    (* 174168125 states, 961481058 transitions, 2670629.9 Kbytes *)

% cp -f "svl010_smart_remainder_2.exp" "svl010_smart_all_2.exp"
command exit with status 0

svl clean info: [temporary] svl010_smart_composition_3.exp

svl clean info: [temporary] svl010_smart_composition_3.bcg

svl clean info: [temporary] svl010_smart_remainder_3.exp

svl clean info: [temporary] svl010_smart_all_3.exp

% exp2c  -branching  -smart 4 "svl010_smart_composition_3" "svl010_smart_remainder_3" "svl010_smart_all_2.exp"

exp2c: computing smart composition from the network "svl010_smart_all_2.exp"
       input network "svl010_smart_all_2.exp" contains two BCG graphs
       no new network has been generated
       continue with "svl010_smart_all_2.exp"

command exit with status 0

"svl010_smart_all_2.exp" =
    label par using
    -- "svl010_smart_composition_2.bcg" || "svl005_reduced_PCACHE.bcg" -> result
    (* V_1 *) "DATAVALUEREPLY !PROCESSORCACHE_1 !DATA !MEMBLOCK_1" || _ -> "DATAVALUEREPLY !PROCESSORCACHE_1 !DATA !MEMBLOCK_1",
    (* V_2 *) "DATAVALUEREPLY !PROCESSORCACHE_1 !DATA !MEMBLOCK_2" || _ -> "DATAVALUEREPLY !PROCESSORCACHE_1 !DATA !MEMBLOCK_2",
    (* V_3 *) "DATAVALUEREPLY !PROCESSORCACHE_1 !DATA !MEMBLOCK_3" || _ -> "DATAVALUEREPLY !PROCESSORCACHE_1 !DATA !MEMBLOCK_3",
    (* V_4 *) "DATAVALUEREPLY !PROCESSORCACHE_1 !FETCH !MEMBLOCK_1" || _ -> "DATAVALUEREPLY !PROCESSORCACHE_1 !FETCH !MEMBLOCK_1",
    (* V_5 *) "DATAVALUEREPLY !PROCESSORCACHE_1 !FETCH !MEMBLOCK_2" || _ -> "DATAVALUEREPLY !PROCESSORCACHE_1 !FETCH !MEMBLOCK_2",
    (* V_6 *) "DATAVALUEREPLY !PROCESSORCACHE_1 !FETCH !MEMBLOCK_3" || _ -> "DATAVALUEREPLY !PROCESSORCACHE_1 !FETCH !MEMBLOCK_3",
    (* V_7 *) "DATAVALUEREPLY !PROCESSORCACHE_1 !INVALIDATE !MEMBLOCK_1" || _ -> "DATAVALUEREPLY !PROCESSORCACHE_1 !INVALIDATE !MEMBLOCK_1",
    (* V_8 *) "DATAVALUEREPLY !PROCESSORCACHE_1 !INVALIDATE !MEMBLOCK_2" || _ -> "DATAVALUEREPLY !PROCESSORCACHE_1 !INVALIDATE !MEMBLOCK_2",
    (* V_9 *) "DATAVALUEREPLY !PROCESSORCACHE_1 !INVALIDATE !MEMBLOCK_3" || _ -> "DATAVALUEREPLY !PROCESSORCACHE_1 !INVALIDATE !MEMBLOCK_3",
    (* V_10 *) "DATAVALUEREPLY !PROCESSORCACHE_2 !DATA !MEMBLOCK_1" || "DATAVALUEREPLY !PROCESSORCACHE_2 !DATA !MEMBLOCK_1" -> "DATAVALUEREPLY !PROCESSORCACHE_2 !DATA !MEMBLOCK_1",
    (* V_11 *) "DATAVALUEREPLY !PROCESSORCACHE_2 !DATA !MEMBLOCK_2" || "DATAVALUEREPLY !PROCESSORCACHE_2 !DATA !MEMBLOCK_2" -> "DATAVALUEREPLY !PROCESSORCACHE_2 !DATA !MEMBLOCK_2",
    (* V_12 *) "DATAVALUEREPLY !PROCESSORCACHE_2 !DATA !MEMBLOCK_3" || "DATAVALUEREPLY !PROCESSORCACHE_2 !DATA !MEMBLOCK_3" -> "DATAVALUEREPLY !PROCESSORCACHE_2 !DATA !MEMBLOCK_3",
    (* V_13 *) "DATAVALUEREPLY !PROCESSORCACHE_2 !FETCH !MEMBLOCK_1" || "DATAVALUEREPLY !PROCESSORCACHE_2 !FETCH !MEMBLOCK_1" -> "DATAVALUEREPLY !PROCESSORCACHE_2 !FETCH !MEMBLOCK_1",
    (* V_14 *) "DATAVALUEREPLY !PROCESSORCACHE_2 !FETCH !MEMBLOCK_2" || "DATAVALUEREPLY !PROCESSORCACHE_2 !FETCH !MEMBLOCK_2" -> "DATAVALUEREPLY !PROCESSORCACHE_2 !FETCH !MEMBLOCK_2",
    (* V_15 *) "DATAVALUEREPLY !PROCESSORCACHE_2 !FETCH !MEMBLOCK_3" || "DATAVALUEREPLY !PROCESSORCACHE_2 !FETCH !MEMBLOCK_3" -> "DATAVALUEREPLY !PROCESSORCACHE_2 !FETCH !MEMBLOCK_3",
    (* V_16 *) "DATAVALUEREPLY !PROCESSORCACHE_2 !INVALIDATE !MEMBLOCK_1" || "DATAVALUEREPLY !PROCESSORCACHE_2 !INVALIDATE !MEMBLOCK_1" -> "DATAVALUEREPLY !PROCESSORCACHE_2 !INVALIDATE !MEMBLOCK_1",
    (* V_17 *) "DATAVALUEREPLY !PROCESSORCACHE_2 !INVALIDATE !MEMBLOCK_2" || "DATAVALUEREPLY !PROCESSORCACHE_2 !INVALIDATE !MEMBLOCK_2" -> "DATAVALUEREPLY !PROCESSORCACHE_2 !INVALIDATE !MEMBLOCK_2",
    (* V_18 *) "DATAVALUEREPLY !PROCESSORCACHE_2 !INVALIDATE !MEMBLOCK_3" || "DATAVALUEREPLY !PROCESSORCACHE_2 !INVALIDATE !MEMBLOCK_3" -> "DATAVALUEREPLY !PROCESSORCACHE_2 !INVALIDATE !MEMBLOCK_3",
    (* V_19 *) "DATAVALUEREPLY !PROCESSORCACHE_3 !DATA !MEMBLOCK_1" || _ -> "DATAVALUEREPLY !PROCESSORCACHE_3 !DATA !MEMBLOCK_1",
    (* V_20 *) "DATAVALUEREPLY !PROCESSORCACHE_3 !DATA !MEMBLOCK_2" || _ -> "DATAVALUEREPLY !PROCESSORCACHE_3 !DATA !MEMBLOCK_2",
    (* V_21 *) "DATAVALUEREPLY !PROCESSORCACHE_3 !DATA !MEMBLOCK_3" || _ -> "DATAVALUEREPLY !PROCESSORCACHE_3 !DATA !MEMBLOCK_3",
    (* V_22 *) "DATAVALUEREPLY !PROCESSORCACHE_3 !FETCH !MEMBLOCK_1" || _ -> "DATAVALUEREPLY !PROCESSORCACHE_3 !FETCH !MEMBLOCK_1",
    (* V_23 *) "DATAVALUEREPLY !PROCESSORCACHE_3 !FETCH !MEMBLOCK_2" || _ -> "DATAVALUEREPLY !PROCESSORCACHE_3 !FETCH !MEMBLOCK_2",
    (* V_24 *) "DATAVALUEREPLY !PROCESSORCACHE_3 !FETCH !MEMBLOCK_3" || _ -> "DATAVALUEREPLY !PROCESSORCACHE_3 !FETCH !MEMBLOCK_3",
    (* V_25 *) "DATAVALUEREPLY !PROCESSORCACHE_3 !INVALIDATE !MEMBLOCK_1" || _ -> "DATAVALUEREPLY !PROCESSORCACHE_3 !INVALIDATE !MEMBLOCK_1",
    (* V_26 *) "DATAVALUEREPLY !PROCESSORCACHE_3 !INVALIDATE !MEMBLOCK_2" || _ -> "DATAVALUEREPLY !PROCESSORCACHE_3 !INVALIDATE !MEMBLOCK_2",
    (* V_27 *) "DATAVALUEREPLY !PROCESSORCACHE_3 !INVALIDATE !MEMBLOCK_3" || _ -> "DATAVALUEREPLY !PROCESSORCACHE_3 !INVALIDATE !MEMBLOCK_3",
    (* V_28 *) "DIRECTORYREQUEST !PROCESSORCACHE_1 !READ_MISS !MEMBLOCK_1" || _ -> "DIRECTORYREQUEST !PROCESSORCACHE_1 !READ_MISS !MEMBLOCK_1",
    (* V_29 *) "DIRECTORYREQUEST !PROCESSORCACHE_1 !READ_MISS !MEMBLOCK_2" || _ -> "DIRECTORYREQUEST !PROCESSORCACHE_1 !READ_MISS !MEMBLOCK_2",
    (* V_30 *) "DIRECTORYREQUEST !PROCESSORCACHE_1 !READ_MISS !MEMBLOCK_3" || _ -> "DIRECTORYREQUEST !PROCESSORCACHE_1 !READ_MISS !MEMBLOCK_3",
    (* V_31 *) "DIRECTORYREQUEST !PROCESSORCACHE_1 !WRITE_BACK !MEMBLOCK_1" || _ -> "DIRECTORYREQUEST !PROCESSORCACHE_1 !WRITE_BACK !MEMBLOCK_1",
    (* V_32 *) "DIRECTORYREQUEST !PROCESSORCACHE_1 !WRITE_BACK !MEMBLOCK_2" || _ -> "DIRECTORYREQUEST !PROCESSORCACHE_1 !WRITE_BACK !MEMBLOCK_2",
    (* V_33 *) "DIRECTORYREQUEST !PROCESSORCACHE_1 !WRITE_BACK !MEMBLOCK_3" || _ -> "DIRECTORYREQUEST !PROCESSORCACHE_1 !WRITE_BACK !MEMBLOCK_3",
    (* V_34 *) "DIRECTORYREQUEST !PROCESSORCACHE_1 !WRITE_MISS !MEMBLOCK_1" || _ -> "DIRECTORYREQUEST !PROCESSORCACHE_1 !WRITE_MISS !MEMBLOCK_1",
    (* V_35 *) "DIRECTORYREQUEST !PROCESSORCACHE_1 !WRITE_MISS !MEMBLOCK_2" || _ -> "DIRECTORYREQUEST !PROCESSORCACHE_1 !WRITE_MISS !MEMBLOCK_2",
    (* V_36 *) "DIRECTORYREQUEST !PROCESSORCACHE_1 !WRITE_MISS !MEMBLOCK_3" || _ -> "DIRECTORYREQUEST !PROCESSORCACHE_1 !WRITE_MISS !MEMBLOCK_3",
    (* V_37 *) "DIRECTORYREQUEST !PROCESSORCACHE_2 !READ_MISS !MEMBLOCK_1" || "DIRECTORYREQUEST !PROCESSORCACHE_2 !READ_MISS !MEMBLOCK_1" -> "DIRECTORYREQUEST !PROCESSORCACHE_2 !READ_MISS !MEMBLOCK_1",
    (* V_38 *) "DIRECTORYREQUEST !PROCESSORCACHE_2 !READ_MISS !MEMBLOCK_2" || "DIRECTORYREQUEST !PROCESSORCACHE_2 !READ_MISS !MEMBLOCK_2" -> "DIRECTORYREQUEST !PROCESSORCACHE_2 !READ_MISS !MEMBLOCK_2",
    (* V_39 *) "DIRECTORYREQUEST !PROCESSORCACHE_2 !READ_MISS !MEMBLOCK_3" || "DIRECTORYREQUEST !PROCESSORCACHE_2 !READ_MISS !MEMBLOCK_3" -> "DIRECTORYREQUEST !PROCESSORCACHE_2 !READ_MISS !MEMBLOCK_3",
    (* V_40 *) "DIRECTORYREQUEST !PROCESSORCACHE_2 !WRITE_BACK !MEMBLOCK_1" || "DIRECTORYREQUEST !PROCESSORCACHE_2 !WRITE_BACK !MEMBLOCK_1" -> "DIRECTORYREQUEST !PROCESSORCACHE_2 !WRITE_BACK !MEMBLOCK_1",
    (* V_41 *) "DIRECTORYREQUEST !PROCESSORCACHE_2 !WRITE_BACK !MEMBLOCK_2" || "DIRECTORYREQUEST !PROCESSORCACHE_2 !WRITE_BACK !MEMBLOCK_2" -> "DIRECTORYREQUEST !PROCESSORCACHE_2 !WRITE_BACK !MEMBLOCK_2",
    (* V_42 *) "DIRECTORYREQUEST !PROCESSORCACHE_2 !WRITE_BACK !MEMBLOCK_3" || "DIRECTORYREQUEST !PROCESSORCACHE_2 !WRITE_BACK !MEMBLOCK_3" -> "DIRECTORYREQUEST !PROCESSORCACHE_2 !WRITE_BACK !MEMBLOCK_3",
    (* V_43 *) "DIRECTORYREQUEST !PROCESSORCACHE_2 !WRITE_MISS !MEMBLOCK_1" || "DIRECTORYREQUEST !PROCESSORCACHE_2 !WRITE_MISS !MEMBLOCK_1" -> "DIRECTORYREQUEST !PROCESSORCACHE_2 !WRITE_MISS !MEMBLOCK_1",
    (* V_44 *) "DIRECTORYREQUEST !PROCESSORCACHE_2 !WRITE_MISS !MEMBLOCK_2" || "DIRECTORYREQUEST !PROCESSORCACHE_2 !WRITE_MISS !MEMBLOCK_2" -> "DIRECTORYREQUEST !PROCESSORCACHE_2 !WRITE_MISS !MEMBLOCK_2",
    (* V_45 *) "DIRECTORYREQUEST !PROCESSORCACHE_2 !WRITE_MISS !MEMBLOCK_3" || "DIRECTORYREQUEST !PROCESSORCACHE_2 !WRITE_MISS !MEMBLOCK_3" -> "DIRECTORYREQUEST !PROCESSORCACHE_2 !WRITE_MISS !MEMBLOCK_3",
    (* V_46 *) "DIRECTORYREQUEST !PROCESSORCACHE_3 !READ_MISS !MEMBLOCK_1" || _ -> "DIRECTORYREQUEST !PROCESSORCACHE_3 !READ_MISS !MEMBLOCK_1",
    (* V_47 *) "DIRECTORYREQUEST !PROCESSORCACHE_3 !READ_MISS !MEMBLOCK_2" || _ -> "DIRECTORYREQUEST !PROCESSORCACHE_3 !READ_MISS !MEMBLOCK_2",
    (* V_48 *) "DIRECTORYREQUEST !PROCESSORCACHE_3 !READ_MISS !MEMBLOCK_3" || _ -> "DIRECTORYREQUEST !PROCESSORCACHE_3 !READ_MISS !MEMBLOCK_3",
    (* V_49 *) "DIRECTORYREQUEST !PROCESSORCACHE_3 !WRITE_BACK !MEMBLOCK_1" || _ -> "DIRECTORYREQUEST !PROCESSORCACHE_3 !WRITE_BACK !MEMBLOCK_1",
    (* V_50 *) "DIRECTORYREQUEST !PROCESSORCACHE_3 !WRITE_BACK !MEMBLOCK_2" || _ -> "DIRECTORYREQUEST !PROCESSORCACHE_3 !WRITE_BACK !MEMBLOCK_2",
    (* V_51 *) "DIRECTORYREQUEST !PROCESSORCACHE_3 !WRITE_BACK !MEMBLOCK_3" || _ -> "DIRECTORYREQUEST !PROCESSORCACHE_3 !WRITE_BACK !MEMBLOCK_3",
    (* V_52 *) "DIRECTORYREQUEST !PROCESSORCACHE_3 !WRITE_MISS !MEMBLOCK_1" || _ -> "DIRECTORYREQUEST !PROCESSORCACHE_3 !WRITE_MISS !MEMBLOCK_1",
    (* V_53 *) "DIRECTORYREQUEST !PROCESSORCACHE_3 !WRITE_MISS !MEMBLOCK_2" || _ -> "DIRECTORYREQUEST !PROCESSORCACHE_3 !WRITE_MISS !MEMBLOCK_2",
    (* V_54 *) "DIRECTORYREQUEST !PROCESSORCACHE_3 !WRITE_MISS !MEMBLOCK_3" || _ -> "DIRECTORYREQUEST !PROCESSORCACHE_3 !WRITE_MISS !MEMBLOCK_3",
    (* V_55 *) "INSTRUCTION !PROCESSORCACHE_1 !CPU_READ !MEMBLOCK_1" || _ -> "INSTRUCTION !PROCESSORCACHE_1 !CPU_READ !MEMBLOCK_1",
    (* V_56 *) "INSTRUCTION !PROCESSORCACHE_1 !CPU_READ !MEMBLOCK_2" || _ -> "INSTRUCTION !PROCESSORCACHE_1 !CPU_READ !MEMBLOCK_2",
    (* V_57 *) "INSTRUCTION !PROCESSORCACHE_1 !CPU_READ !MEMBLOCK_3" || _ -> "INSTRUCTION !PROCESSORCACHE_1 !CPU_READ !MEMBLOCK_3",
    (* V_58 *) "INSTRUCTION !PROCESSORCACHE_1 !CPU_WRITE !MEMBLOCK_1" || _ -> "INSTRUCTION !PROCESSORCACHE_1 !CPU_WRITE !MEMBLOCK_1",
    (* V_59 *) "INSTRUCTION !PROCESSORCACHE_1 !CPU_WRITE !MEMBLOCK_2" || _ -> "INSTRUCTION !PROCESSORCACHE_1 !CPU_WRITE !MEMBLOCK_2",
    (* V_60 *) "INSTRUCTION !PROCESSORCACHE_1 !CPU_WRITE !MEMBLOCK_3" || _ -> "INSTRUCTION !PROCESSORCACHE_1 !CPU_WRITE !MEMBLOCK_3",
    (* V_61 *) _ || "INSTRUCTION !PROCESSORCACHE_2 !CPU_READ !MEMBLOCK_1" -> "INSTRUCTION !PROCESSORCACHE_2 !CPU_READ !MEMBLOCK_1",
    (* V_62 *) _ || "INSTRUCTION !PROCESSORCACHE_2 !CPU_READ !MEMBLOCK_2" -> "INSTRUCTION !PROCESSORCACHE_2 !CPU_READ !MEMBLOCK_2",
    (* V_63 *) _ || "INSTRUCTION !PROCESSORCACHE_2 !CPU_READ !MEMBLOCK_3" -> "INSTRUCTION !PROCESSORCACHE_2 !CPU_READ !MEMBLOCK_3",
    (* V_64 *) _ || "INSTRUCTION !PROCESSORCACHE_2 !CPU_WRITE !MEMBLOCK_1" -> "INSTRUCTION !PROCESSORCACHE_2 !CPU_WRITE !MEMBLOCK_1",
    (* V_65 *) _ || "INSTRUCTION !PROCESSORCACHE_2 !CPU_WRITE !MEMBLOCK_2" -> "INSTRUCTION !PROCESSORCACHE_2 !CPU_WRITE !MEMBLOCK_2",
    (* V_66 *) _ || "INSTRUCTION !PROCESSORCACHE_2 !CPU_WRITE !MEMBLOCK_3" -> "INSTRUCTION !PROCESSORCACHE_2 !CPU_WRITE !MEMBLOCK_3",
    (* V_67 *) "INSTRUCTION !PROCESSORCACHE_3 !CPU_READ !MEMBLOCK_1" || _ -> "INSTRUCTION !PROCESSORCACHE_3 !CPU_READ !MEMBLOCK_1",
    (* V_68 *) "INSTRUCTION !PROCESSORCACHE_3 !CPU_READ !MEMBLOCK_2" || _ -> "INSTRUCTION !PROCESSORCACHE_3 !CPU_READ !MEMBLOCK_2",
    (* V_69 *) "INSTRUCTION !PROCESSORCACHE_3 !CPU_READ !MEMBLOCK_3" || _ -> "INSTRUCTION !PROCESSORCACHE_3 !CPU_READ !MEMBLOCK_3",
    (* V_70 *) "INSTRUCTION !PROCESSORCACHE_3 !CPU_WRITE !MEMBLOCK_1" || _ -> "INSTRUCTION !PROCESSORCACHE_3 !CPU_WRITE !MEMBLOCK_1",
    (* V_71 *) "INSTRUCTION !PROCESSORCACHE_3 !CPU_WRITE !MEMBLOCK_2" || _ -> "INSTRUCTION !PROCESSORCACHE_3 !CPU_WRITE !MEMBLOCK_2",
    (* V_72 *) "INSTRUCTION !PROCESSORCACHE_3 !CPU_WRITE !MEMBLOCK_3" || _ -> "INSTRUCTION !PROCESSORCACHE_3 !CPU_WRITE !MEMBLOCK_3"
    in
           "svl010_smart_composition_2.bcg"
        || "svl005_reduced_PCACHE.bcg"
    end par

svl clean info: [temporary] svl010_smart_all.bcg

"svl010_smart_all.bcg" = generation of "svl010_smart_all_2.exp"

svl clean info: [temporary] generator

svl clean info: [temporary] generator.o

svl clean info: [temporary] svl010_smart_all_2.c

svl clean info: [temporary] svl010_smart_all_2.o

% exp.open -strong   "svl010_smart_all_2.exp"  generator  "svl010_smart_all.bcg"
exp.open: using ``/opt/software/cadp/src/open_caesar/generator.c''
exp.open: generating svl010_smart_all_2.c ...
exp.open: compiling svl010_smart_all_2.c ...
/opt/software/cadp/src/com/cadp_cc   -c -I/opt/software/cadp/incl -o svl010_smart_all_2.o svl010_smart_all_2.c
/opt/software/cadp/src/com/cadp_cc -I. -I/opt/software/cadp/incl -I/opt/software/cadp/src/open_caesar  -c /opt/software/cadp/src/open_caesar/generator.c -o generator.o
/opt/software/cadp/src/com/cadp_cc  generator.o svl010_smart_all_2.o -o generator -L/opt/software/cadp/bin.x64 -lexp_open -L/opt/software/cadp/bin.x64 -lcaesar -lBCG_IO -lBCG -L/opt/software/cadp/bin.x64 -lBCG_IO -lBCG -lm
exp.open: running ``generator svl010_smart_all.bcg'' for ``./svl010_smart_all_2.exp''
command exit with status 0

info about svl010_smart_all.bcg:
    (* 1417238496 states, 6109670754 transitions, 12789918.6 Kbytes *)

"cache.bcg" = divbranching reduction of "svl010_smart_all.bcg"

% bcg_min   -divbranching  "svl010_smart_all.bcg" "cache.bcg"
Killed
command exit with status 137

svl: WARNING divbranching reduction with bcg_min failed
     trying strong reduction of svl010_smart_all.bcg first

svl clean info: [temporary] svl010_smart_all_2_str.bcg

"svl010_smart_all_2_str.bcg" = strong reduction of "svl010_smart_all.bcg"

% bcg_min   -strong  "svl010_smart_all.bcg" "svl010_smart_all_2_str.bcg"
Killed
command exit with status 137

svl: ERROR strong reduction with bcg_min failed
     cannot resume
